[master 5c2b329] chore(data): 2026-05-07 21:00:01
 1 file changed, 0 insertions(+), 0 deletions(-)
 create mode 100644 git_log.log
To github.com:niki8885/SmartCropMonitor.git
   ddece16..5c2b329  master -> master
Changes pushed successfully at Thu May  7 09:00:04 PM UTC 2026
[master fb3bbf2] chore(data): 2026-05-07 21:30:01
 1 file changed, 6 insertions(+)
To github.com:niki8885/SmartCropMonitor.git
   5c2b329..fb3bbf2  master -> master
Changes pushed successfully at Thu May  7 09:30:03 PM UTC 2026
[master 8fc781c] chore(data): 2026-05-07 22:00:01
 1 file changed, 5 insertions(+)
To github.com:niki8885/SmartCropMonitor.git
   fb3bbf2..8fc781c  master -> master
Changes pushed successfully at Thu May  7 10:00:03 PM UTC 2026
[master e0f3b40] chore(data): 2026-05-07 22:30:01
 1 file changed, 5 insertions(+)
To github.com:niki8885/SmartCropMonitor.git
   8fc781c..e0f3b40  master -> master
Changes pushed successfully at Thu May  7 10:30:03 PM UTC 2026
[master def92fe] chore(data): 2026-05-07 23:00:01
 1 file changed, 5 insertions(+)
To github.com:niki8885/SmartCropMonitor.git
   e0f3b40..def92fe  master -> master
Changes pushed successfully at Thu May  7 11:00:03 PM UTC 2026
[master 8738858] chore(data): 2026-05-07 23:30:01
 1 file changed, 5 insertions(+)
To github.com:niki8885/SmartCropMonitor.git
   162b434..8738858  master -> master
Changes pushed successfully at Thu May  7 11:30:03 PM UTC 2026
[master 43fddf6] chore(data): 2026-05-08 00:00:01
 6 files changed, 17 insertions(+)
 create mode 100644 backend/data/storage/data/user_1_loc_1_20260506T095723.nc
 create mode 100644 backend/data/storage/masks/aot_user_1_loc_1_20260506T095723.nc
 create mode 100644 backend/data/storage/masks/scl_user_1_loc_1_20260506T095723.nc
 create mode 100644 backend/data/storage/masks/wvp_user_1_loc_1_20260506T095723.nc
 create mode 100644 backend/data/storage/visual/vis_user_1_loc_1_20260506T095723.tif
To github.com:niki8885/SmartCropMonitor.git
   512c810..43fddf6  master -> master
Changes pushed successfully at Fri May  8 12:00:10 AM UTC 2026
[master aa96cd7] chore(data): 2026-05-08 06:00:01
 113 files changed, 277 insertions(+)
 create mode 100644 backend/data/storage/data/user_1_loc_1_20260503T095726.nc
 create mode 100644 backend/data/storage/data/user_1_loc_1_20260503T095740.nc
 create mode 100644 backend/data/storage/data/user_1_loc_1_20260506T095704.nc
 create mode 100644 backend/data/storage/data/user_1_loc_1_20260506T095710.nc
 create mode 100644 backend/data/storage/data/user_1_loc_1_20260506T095713.nc
 create mode 100644 backend/data/storage/data/user_1_loc_2_20260427T093727.nc
 create mode 100644 backend/data/storage/data/user_1_loc_2_20260428T094708.nc
 create mode 100644 backend/data/storage/data/user_1_loc_2_20260430T093708.nc
 create mode 100644 backend/data/storage/data/user_1_loc_2_20260430T094722.nc
 create mode 100644 backend/data/storage/data/user_1_loc_2_20260503T094704.nc
 create mode 100644 backend/data/storage/data/user_1_loc_2_20260505T093712.nc
 create mode 100644 backend/data/storage/data/user_2_loc_3_20260423T095527.nc
 create mode 100644 backend/data/storage/data/user_2_loc_3_20260428T094513.nc
 create mode 100644 backend/data/storage/data/user_2_loc_3_20260430T094528.nc
 create mode 100644 backend/data/storage/data/user_2_loc_3_20260501T095511.nc
 create mode 100644 backend/data/storage/data/user_2_loc_3_20260503T094510.nc
 create mode 100644 backend/data/storage/data/user_2_loc_3_20260506T095507.nc
 create mode 100644 backend/data/storage/data/user_3_loc_4_20260503T103212.nc
 create mode 100644 backend/data/storage/data/user_3_loc_4_20260503T103224.nc
 create mode 100644 backend/data/storage/data/user_3_loc_4_20260505T102210.nc
 create mode 100644 backend/data/storage/data/user_3_loc_4_20260505T102224.nc
 create mode 100644 backend/data/storage/data/user_3_loc_4_20260505T103222.nc
 create mode 100644 backend/data/storage/data/user_3_loc_4_20260505T103236.nc
 create mode 100644 backend/data/storage/masks/aot_user_1_loc_1_20260503T095740.nc
 create mode 100644 backend/data/storage/masks/aot_user_1_loc_1_20260506T095713.nc
 create mode 100644 backend/data/storage/masks/aot_user_1_loc_2_20260427T093727.nc
 create mode 100644 backend/data/storage/masks/aot_user_1_loc_2_20260428T094708.nc
 create mode 100644 backend/data/storage/masks/aot_user_1_loc_2_20260430T093708.nc
 create mode 100644 backend/data/storage/masks/aot_user_1_loc_2_20260430T094722.nc
 create mode 100644 backend/data/storage/masks/aot_user_1_loc_2_20260503T094704.nc
 create mode 100644 backend/data/storage/masks/aot_user_1_loc_2_20260505T093712.nc
 create mode 100644 backend/data/storage/masks/aot_user_2_loc_3_20260423T095527.nc
 create mode 100644 backend/data/storage/masks/aot_user_2_loc_3_20260428T094513.nc
 create mode 100644 backend/data/storage/masks/aot_user_2_loc_3_20260430T094528.nc
 create mode 100644 backend/data/storage/masks/aot_user_2_loc_3_20260501T095511.nc
 create mode 100644 backend/data/storage/masks/aot_user_2_loc_3_20260503T094510.nc
 create mode 100644 backend/data/storage/masks/aot_user_2_loc_3_20260506T095507.nc
 create mode 100644 backend/data/storage/masks/aot_user_3_loc_4_20260503T103212.nc
 create mode 100644 backend/data/storage/masks/aot_user_3_loc_4_20260503T103224.nc
 create mode 100644 backend/data/storage/masks/aot_user_3_loc_4_20260505T102210.nc
 create mode 100644 backend/data/storage/masks/aot_user_3_loc_4_20260505T102224.nc
 create mode 100644 backend/data/storage/masks/aot_user_3_loc_4_20260505T103222.nc
 create mode 100644 backend/data/storage/masks/aot_user_3_loc_4_20260505T103236.nc
 create mode 100644 backend/data/storage/masks/scl_user_1_loc_1_20260503T095726.nc
 create mode 100644 backend/data/storage/masks/scl_user_1_loc_1_20260503T095740.nc
 create mode 100644 backend/data/storage/masks/scl_user_1_loc_1_20260506T095704.nc
 create mode 100644 backend/data/storage/masks/scl_user_1_loc_1_20260506T095710.nc
 create mode 100644 backend/data/storage/masks/scl_user_1_loc_1_20260506T095713.nc
 create mode 100644 backend/data/storage/masks/scl_user_1_loc_2_20260427T093727.nc
 create mode 100644 backend/data/storage/masks/scl_user_1_loc_2_20260428T094708.nc
 create mode 100644 backend/data/storage/masks/scl_user_1_loc_2_20260430T093708.nc
 create mode 100644 backend/data/storage/masks/scl_user_1_loc_2_20260430T094722.nc
 create mode 100644 backend/data/storage/masks/scl_user_1_loc_2_20260503T094704.nc
 create mode 100644 backend/data/storage/masks/scl_user_1_loc_2_20260505T093712.nc
 create mode 100644 backend/data/storage/masks/scl_user_2_loc_3_20260423T095527.nc
 create mode 100644 backend/data/storage/masks/scl_user_2_loc_3_20260428T094513.nc
 create mode 100644 backend/data/storage/masks/scl_user_2_loc_3_20260430T094528.nc
 create mode 100644 backend/data/storage/masks/scl_user_2_loc_3_20260501T095511.nc
 create mode 100644 backend/data/storage/masks/scl_user_2_loc_3_20260503T094510.nc
 create mode 100644 backend/data/storage/masks/scl_user_2_loc_3_20260506T095507.nc
 create mode 100644 backend/data/storage/masks/scl_user_3_loc_4_20260503T103212.nc
 create mode 100644 backend/data/storage/masks/scl_user_3_loc_4_20260503T103224.nc
 create mode 100644 backend/data/storage/masks/scl_user_3_loc_4_20260505T102210.nc
 create mode 100644 backend/data/storage/masks/scl_user_3_loc_4_20260505T102224.nc
 create mode 100644 backend/data/storage/masks/scl_user_3_loc_4_20260505T103222.nc
 create mode 100644 backend/data/storage/masks/scl_user_3_loc_4_20260505T103236.nc
 create mode 100644 backend/data/storage/masks/wvp_user_1_loc_1_20260503T095726.nc
 create mode 100644 backend/data/storage/masks/wvp_user_1_loc_1_20260503T095740.nc
 create mode 100644 backend/data/storage/masks/wvp_user_1_loc_1_20260506T095704.nc
 create mode 100644 backend/data/storage/masks/wvp_user_1_loc_1_20260506T095710.nc
 create mode 100644 backend/data/storage/masks/wvp_user_1_loc_1_20260506T095713.nc
 create mode 100644 backend/data/storage/masks/wvp_user_1_loc_2_20260427T093727.nc
 create mode 100644 backend/data/storage/masks/wvp_user_1_loc_2_20260428T094708.nc
 create mode 100644 backend/data/storage/masks/wvp_user_1_loc_2_20260430T093708.nc
 create mode 100644 backend/data/storage/masks/wvp_user_1_loc_2_20260430T094722.nc
 create mode 100644 backend/data/storage/masks/wvp_user_1_loc_2_20260503T094704.nc
 create mode 100644 backend/data/storage/masks/wvp_user_1_loc_2_20260505T093712.nc
 create mode 100644 backend/data/storage/masks/wvp_user_2_loc_3_20260423T095527.nc
 create mode 100644 backend/data/storage/masks/wvp_user_2_loc_3_20260428T094513.nc
 create mode 100644 backend/data/storage/masks/wvp_user_2_loc_3_20260430T094528.nc
 create mode 100644 backend/data/storage/masks/wvp_user_2_loc_3_20260501T095511.nc
 create mode 100644 backend/data/storage/masks/wvp_user_2_loc_3_20260503T094510.nc
 create mode 100644 backend/data/storage/masks/wvp_user_2_loc_3_20260506T095507.nc
 create mode 100644 backend/data/storage/masks/wvp_user_3_loc_4_20260503T103212.nc
 create mode 100644 backend/data/storage/masks/wvp_user_3_loc_4_20260503T103224.nc
 create mode 100644 backend/data/storage/masks/wvp_user_3_loc_4_20260505T102210.nc
 create mode 100644 backend/data/storage/masks/wvp_user_3_loc_4_20260505T102224.nc
 create mode 100644 backend/data/storage/masks/wvp_user_3_loc_4_20260505T103222.nc
 create mode 100644 backend/data/storage/masks/wvp_user_3_loc_4_20260505T103236.nc
 create mode 100644 backend/data/storage/visual/vis_user_1_loc_1_20260503T095726.tif
 create mode 100644 backend/data/storage/visual/vis_user_1_loc_1_20260503T095740.tif
 create mode 100644 backend/data/storage/visual/vis_user_1_loc_1_20260506T095704.tif
 create mode 100644 backend/data/storage/visual/vis_user_1_loc_1_20260506T095710.tif
 create mode 100644 backend/data/storage/visual/vis_user_1_loc_1_20260506T095713.tif
 create mode 100644 backend/data/storage/visual/vis_user_1_loc_2_20260427T093727.tif
 create mode 100644 backend/data/storage/visual/vis_user_1_loc_2_20260428T094708.tif
 create mode 100644 backend/data/storage/visual/vis_user_1_loc_2_20260430T093708.tif
 create mode 100644 backend/data/storage/visual/vis_user_1_loc_2_20260430T094722.tif
 create mode 100644 backend/data/storage/visual/vis_user_1_loc_2_20260503T094704.tif
 create mode 100644 backend/data/storage/visual/vis_user_1_loc_2_20260505T093712.tif
 create mode 100644 backend/data/storage/visual/vis_user_2_loc_3_20260423T095527.tif
 create mode 100644 backend/data/storage/visual/vis_user_2_loc_3_20260428T094513.tif
 create mode 100644 backend/data/storage/visual/vis_user_2_loc_3_20260430T094528.tif
 create mode 100644 backend/data/storage/visual/vis_user_2_loc_3_20260501T095511.tif
 create mode 100644 backend/data/storage/visual/vis_user_2_loc_3_20260503T094510.tif
 create mode 100644 backend/data/storage/visual/vis_user_2_loc_3_20260506T095507.tif
 create mode 100644 backend/data/storage/visual/vis_user_3_loc_4_20260503T103212.tif
 create mode 100644 backend/data/storage/visual/vis_user_3_loc_4_20260503T103224.tif
 create mode 100644 backend/data/storage/visual/vis_user_3_loc_4_20260505T102210.tif
 create mode 100644 backend/data/storage/visual/vis_user_3_loc_4_20260505T102224.tif
 create mode 100644 backend/data/storage/visual/vis_user_3_loc_4_20260505T103222.tif
 create mode 100644 backend/data/storage/visual/vis_user_3_loc_4_20260505T103236.tif
To github.com:niki8885/SmartCropMonitor.git
   261abea..aa96cd7  master -> master
Changes pushed successfully at Fri May  8 06:00:16 AM UTC 2026
No changes detected, skipping push.
